# JRE version: OpenJDK Runtime Environment (8.0_452-b09) (build 1.8.0_452-b09)
# Java VM: OpenJDK 64-Bit Server VM (25.452-b09 mixed mode windows-amd64 compressed oops)
Heap:
 PSYoungGen      total 75776K, used 68639K [0x000000076b800000, 0x0000000772f00000, 0x00000007c0000000)
  eden space 65024K, 89% used [0x000000076b800000,0x000000076f088708,0x000000076f780000)
  from space 10752K, 99% used [0x000000076f780000,0x00000007701ff720,0x0000000770200000)
  to   space 15872K, 0% used [0x0000000771f80000,0x0000000771f80000,0x0000000772f00000)
 ParOldGen       total 113152K, used 11432K [0x00000006c2800000, 0x00000006c9680000, 0x000000076b800000)
  object space 113152K, 10% used [0x00000006c2800000,0x00000006c332a318,0x00000006c9680000)
 Metaspace       used 30246K, capacity 31416K, committed 31488K, reserved 1077248K
  class space    used 3511K, capacity 3819K, committed 3840K, reserved 1048576K
GC Heap History (10 events):
Event: 2.039 GC heap before
{Heap before GC invocations=2 (full 0):
 PSYoungGen      total 75776K, used 75564K [0x000000076b800000, 0x0000000770c80000, 0x00000007c0000000)
  eden space 65024K, 100% used [0x000000076b800000,0x000000076f780000,0x000000076f780000)
  from space 10752K, 98% used [0x000000076f780000,0x00000007701cb1a0,0x0000000770200000)
  to   space 10752K, 0% used [0x0000000770200000,0x0000000770200000,0x0000000770c80000)
 ParOldGen       total 173568K, used 24K [0x00000006c2800000, 0x00000006cd180000, 0x000000076b800000)
  object space 173568K, 0% used [0x00000006c2800000,0x00000006c2806000,0x00000006cd180000)
 Metaspace       used 19358K, capacity 20018K, committed 20096K, reserved 1067008K
  class space    used 2443K, capacity 2637K, committed 2688K, reserved 1048576K
Event: 2.050 GC heap after
Heap after GC invocations=2 (full 0):
 PSYoungGen      total 75776K, used 10738K [0x000000076b800000, 0x0000000770c80000, 0x00000007c0000000)
  eden space 65024K, 0% used [0x000000076b800000,0x000000076b800000,0x000000076f780000)
  from space 10752K, 99% used [0x0000000770200000,0x0000000770c7c838,0x0000000770c80000)
  to   space 10752K, 0% used [0x000000076f780000,0x000000076f780000,0x0000000770200000)
 ParOldGen       total 173568K, used 1304K [0x00000006c2800000, 0x00000006cd180000, 0x000000076b800000)
  object space 173568K, 0% used [0x00000006c2800000,0x00000006c2946090,0x00000006cd180000)
 Metaspace       used 19358K, capacity 20018K, committed 20096K, reserved 1067008K
  class space    used 2443K, capacity 2637K, committed 2688K, reserved 1048576K
}
Event: 2.376 GC heap before
{Heap before GC invocations=3 (full 0):
 PSYoungGen      total 75776K, used 33135K [0x000000076b800000, 0x0000000770c80000, 0x00000007c0000000)
  eden space 65024K, 34% used [0x000000076b800000,0x000000076cddf710,0x000000076f780000)
  from space 10752K, 99% used [0x0000000770200000,0x0000000770c7c838,0x0000000770c80000)
  to   space 10752K, 0% used [0x000000076f780000,0x000000076f780000,0x0000000770200000)
 ParOldGen       total 173568K, used 1304K [0x00000006c2800000, 0x00000006cd180000, 0x000000076b800000)
  object space 173568K, 0% used [0x00000006c2800000,0x00000006c2946090,0x00000006cd180000)
 Metaspace       used 20296K, capacity 21126K, committed 21248K, reserved 1067008K
  class space    used 2542K, capacity 2731K, committed 2816K, reserved 1048576K
Event: 2.381 GC heap after
Heap after GC invocations=3 (full 0):
 PSYoungGen      total 75776K, used 8945K [0x000000076b800000, 0x0000000770c80000, 0x00000007c0000000)
  eden space 65024K, 0% used [0x000000076b800000,0x000000076b800000,0x000000076f780000)
  from space 10752K, 83% used [0x000000076f780000,0x000000077003c4c0,0x0000000770200000)
  to   space 10752K, 0% used [0x0000000770200000,0x0000000770200000,0x0000000770c80000)
 ParOldGen       total 173568K, used 1312K [0x00000006c2800000, 0x00000006cd180000, 0x000000076b800000)
  object space 173568K, 0% used [0x00000006c2800000,0x00000006c2948090,0x00000006cd180000)
 Metaspace       used 20296K, capacity 21126K, committed 21248K, reserved 1067008K
  class space    used 2542K, capacity 2731K, committed 2816K, reserved 1048576K
}
Event: 2.381 GC heap before
{Heap before GC invocations=4 (full 1):
 PSYoungGen      total 75776K, used 8945K [0x000000076b800000, 0x0000000770c80000, 0x00000007c0000000)
  eden space 65024K, 0% used [0x000000076b800000,0x000000076b800000,0x000000076f780000)
  from space 10752K, 83% used [0x000000076f780000,0x000000077003c4c0,0x0000000770200000)
  to   space 10752K, 0% used [0x0000000770200000,0x0000000770200000,0x0000000770c80000)
 ParOldGen       total 173568K, used 1312K [0x00000006c2800000, 0x00000006cd180000, 0x000000076b800000)
  object space 173568K, 0% used [0x00000006c2800000,0x00000006c2948090,0x00000006cd180000)
 Metaspace       used 20296K, capacity 21126K, committed 21248K, reserved 1067008K
  class space    used 2542K, capacity 2731K, committed 2816K, reserved 1048576K
Event: 2.415 GC heap after
Heap after GC invocations=4 (full 1):
 PSYoungGen      total 75776K, used 0K [0x000000076b800000, 0x0000000770c80000, 0x00000007c0000000)
  eden space 65024K, 0% used [0x000000076b800000,0x000000076b800000,0x000000076f780000)
  from space 10752K, 0% used [0x000000076f780000,0x000000076f780000,0x0000000770200000)
  to   space 10752K, 0% used [0x0000000770200000,0x0000000770200000,0x0000000770c80000)
 ParOldGen       total 113152K, used 8794K [0x00000006c2800000, 0x00000006c9680000, 0x000000076b800000)
  object space 113152K, 7% used [0x00000006c2800000,0x00000006c3096800,0x00000006c9680000)
 Metaspace       used 20296K, capacity 21126K, committed 21248K, reserved 1067008K
  class space    used 2542K, capacity 2731K, committed 2816K, reserved 1048576K
}
Event: 3.645 GC heap before
{Heap before GC invocations=5 (full 1):
 PSYoungGen      total 75776K, used 65024K [0x000000076b800000, 0x0000000770c80000, 0x00000007c0000000)
  eden space 65024K, 100% used [0x000000076b800000,0x000000076f780000,0x000000076f780000)
  from space 10752K, 0% used [0x000000076f780000,0x000000076f780000,0x0000000770200000)
  to   space 10752K, 0% used [0x0000000770200000,0x0000000770200000,0x0000000770c80000)
 ParOldGen       total 113152K, used 8794K [0x00000006c2800000, 0x00000006c9680000, 0x000000076b800000)
  object space 113152K, 7% used [0x00000006c2800000,0x00000006c3096800,0x00000006c9680000)
 Metaspace       used 25609K, capacity 26604K, committed 26752K, reserved 1073152K
  class space    used 3168K, capacity 3444K, committed 3456K, reserved 1048576K
Event: 3.651 GC heap after
Heap after GC invocations=5 (full 1):
 PSYoungGen      total 75776K, used 5543K [0x000000076b800000, 0x0000000772600000, 0x00000007c0000000)
  eden space 65024K, 0% used [0x000000076b800000,0x000000076b800000,0x000000076f780000)
  from space 10752K, 51% used [0x0000000770200000,0x0000000770769c00,0x0000000770c80000)
  to   space 10752K, 0% used [0x000000076f780000,0x000000076f780000,0x0000000770200000)
 ParOldGen       total 113152K, used 8802K [0x00000006c2800000, 0x00000006c9680000, 0x000000076b800000)
  object space 113152K, 7% used [0x00000006c2800000,0x00000006c3098800,0x00000006c9680000)
 Metaspace       used 25609K, capacity 26604K, committed 26752K, reserved 1073152K
  class space    used 3168K, capacity 3444K, committed 3456K, reserved 1048576K
}
Event: 5.264 GC heap before
{Heap before GC invocations=6 (full 1):
 PSYoungGen      total 75776K, used 70567K [0x000000076b800000, 0x0000000772600000, 0x00000007c0000000)
  eden space 65024K, 100% used [0x000000076b800000,0x000000076f780000,0x000000076f780000)
  from space 10752K, 51% used [0x0000000770200000,0x0000000770769c00,0x0000000770c80000)
  to   space 10752K, 0% used [0x000000076f780000,0x000000076f780000,0x0000000770200000)
 ParOldGen       total 113152K, used 8802K [0x00000006c2800000, 0x00000006c9680000, 0x000000076b800000)
  object space 113152K, 7% used [0x00000006c2800000,0x00000006c3098800,0x00000006c9680000)
 Metaspace       used 28489K, capacity 29516K, committed 29568K, reserved 1075200K
  class space    used 3374K, capacity 3668K, committed 3712K, reserved 1048576K
Event: 5.275 GC heap after
Heap after GC invocations=6 (full 1):
 PSYoungGen      total 75776K, used 10749K [0x000000076b800000, 0x0000000772f00000, 0x00000007c0000000)
  eden space 65024K, 0% used [0x000000076b800000,0x000000076b800000,0x000000076f780000)
  from space 10752K, 99% used [0x000000076f780000,0x00000007701ff720,0x0000000770200000)
  to   space 15872K, 0% used [0x0000000771f80000,0x0000000771f80000,0x0000000772f00000)
 ParOldGen       total 113152K, used 11432K [0x00000006c2800000, 0x00000006c9680000, 0x000000076b800000)
  object space 113152K, 10% used [0x00000006c2800000,0x00000006c332a318,0x00000006c9680000)
 Metaspace       used 28489K, capacity 29516K, committed 29568K, reserved 1075200K
  class space    used 3374K, capacity 3668K, committed 3712K, reserved 1048576K
}

